Mdi:ArrangeIcons
ScopeSigMgr:loadpffile /chalmers/users/frebro/Kretselektronik/1/uppg142.sw0 1 openonly
# PF:1
Mdi:ArrangeIcons
wm geometry . 900x785+867+482
Mdi:ArrangeIcons
wm geometry . 900x785+860+471
Mdi:ArrangeIcons
wm geometry . 900x785+858+466
Mdi:ArrangeIcons
Mdi:ArrangeIcons
Mdi:ArrangeIcons
Mdi:ArrangeIcons
Mdi:ArrangeIcons
Mdi:ArrangeIcons
Mdi:ArrangeIcons
Mdi:ArrangeIcons
Mdi:ArrangeIcons
Mdi:ArrangeIcons
Mdi:ArrangeIcons
Mdi:ArrangeIcons
Mdi:ArrangeIcons
Mdi:ArrangeIcons
wm geometry . 1920x993+0+25
wm geometry .sigmgr._PF:1 289x357+1627+530
wm geometry .sigmgr._PF:1 289x357+1550+521
wm geometry .sigmgr._PF:1 289x357+1545+521
wm geometry .sigmgr._PF:1 289x357+1544+521
wm geometry .sigmgr._PF:1 289x357+1537+511
wm geometry .sigmgr._PF:1 289x357+1516+480
wm geometry .sigmgr._PF:1 289x357+1502+456
wm geometry .sigmgr._PF:1 289x357+1498+447
wm geometry .sigmgr._PF:1 289x357+1493+439
wm geometry .sigmgr._PF:1 289x357+1491+435
pf:read PF:1 v(in)
# WF:1:1
Graph addsignal WF:1:1 -region new -yview real(y) -xview real(x) -tracehi 2
# Signal0
pf:read PF:1 v(0)
# WF:1:2
Graph addsignal WF:1:2 -region new -yview real(y) -xview real(x) -tracehi 2
# Signal1
Mdi:Move 329 74
Mdi:Move 465 101
Mdi:Move 13 11
Mdi:Resize 1417 848
Mdi:Move 13 11
wm geometry .sigmgr 467x236+1449+136
wm geometry .sigmgr 467x236+1449+133
wm geometry .sigmgr 467x236+1449+132
wm geometry .sigmgr 467x236+1449+130
wm geometry .sigmgr 467x236+1449+128
wm geometry .sigmgr 467x236+1449+126
wm geometry .sigmgr 467x236+1449+125
wm geometry .sigmgr 467x236+1449+122
wm geometry .sigmgr 467x236+1449+118
wm geometry .sigmgr 467x236+1449+116
wm geometry .sigmgr 467x236+1449+115
wm geometry .sigmgr 467x237+1449+115
wm geometry .sigmgr 442x255+1474+115
wm geometry .sigmgr 404x283+1512+115
wm geometry .sigmgr 375x287+1541+115
wm geometry .sigmgr 367x310+1549+115
wm geometry .sigmgr 367x318+1549+115
wm geometry .sigmgr 367x332+1549+115
wm geometry .sigmgr 367x348+1549+115
wm geometry .sigmgr 367x360+1549+115
wm geometry .sigmgr 367x373+1549+115
wm geometry .sigmgr 367x381+1549+115
wm geometry .sigmgr 367x394+1549+115
wm geometry .sigmgr 367x414+1549+115
wm geometry .sigmgr 367x423+1549+115
wm geometry .sigmgr 367x426+1549+115
wm geometry .sigmgr 367x427+1549+115
wm geometry .sigmgr 367x428+1549+115
wm geometry .sigmgr 367x439+1549+115
wm geometry .sigmgr 367x450+1549+115
wm geometry .sigmgr 367x453+1549+115
wm geometry .sigmgr 367x461+1549+115
wm geometry .sigmgr 367x465+1549+115
wm geometry .sigmgr._PF:1 289x357+1500+438
wm geometry .sigmgr._PF:1 289x357+1506+443
wm geometry .sigmgr._PF:1 289x357+1518+457
wm geometry .sigmgr._PF:1 289x357+1549+511
wm geometry .sigmgr._PF:1 289x357+1591+568
wm geometry .sigmgr._PF:1 289x357+1610+616
wm geometry .sigmgr._PF:1 289x357+1623+655
wm geometry .sigmgr._PF:1 289x357+1627+665
wm geometry .sigmgr._PF:1 289x357+1627+646
wm geometry .sigmgr._PF:1 289x357+1627+640
wm geometry .sigmgr._PF:1 289x357+1627+634
wm geometry .sigmgr._PF:1 289x357+1627+630
wm geometry .sigmgr._PF:1 289x357+1627+629
wm geometry .sigmgr._PF:1 289x357+1627+628
wm geometry .sigmgr._PF:1 289x357+1627+625
wm geometry .sigmgr._PF:1 289x357+1627+622
wm geometry .sigmgr._PF:1 289x357+1627+620
wm geometry .sigmgr._PF:1 289x357+1627+617
wm geometry .sigmgr._PF:1 289x357+1627+613
wm geometry .sigmgr._PF:1 289x358+1627+613
wm geometry .sigmgr._PF:1 301x363+1615+613
wm geometry .sigmgr._PF:1 306x367+1610+613
wm geometry .sigmgr._PF:1 308x368+1608+613
wm geometry .sigmgr._PF:1 309x369+1607+613
wm geometry .sigmgr._PF:1 312x372+1604+613
wm geometry .sigmgr._PF:1 317x375+1599+613
wm geometry .sigmgr._PF:1 318x376+1598+613
wm geometry .sigmgr._PF:1 322x376+1594+613
wm geometry .sigmgr._PF:1 326x376+1590+613
wm geometry .sigmgr._PF:1 330x374+1586+613
wm geometry .sigmgr._PF:1 335x372+1581+613
wm geometry .sigmgr._PF:1 338x372+1578+613
wm geometry .sigmgr._PF:1 341x371+1575+613
wm geometry .sigmgr._PF:1 346x369+1570+613
wm geometry .sigmgr._PF:1 350x369+1566+613
wm geometry .sigmgr._PF:1 357x369+1559+613
wm geometry .sigmgr._PF:1 363x369+1553+613
wm geometry .sigmgr._PF:1 364x369+1552+613
wm geometry .sigmgr._PF:1 366x369+1550+613
wm geometry .sigmgr._PF:1 367x369+1549+613
wm geometry .sigmgr._PF:1 368x372+1548+613
wm geometry .sigmgr._PF:1 368x370+1548+613
wm geometry .sigmgr._PF:1 368x368+1548+613
wm geometry .sigmgr._PF:1 368x366+1548+613
wm geometry .sigmgr._PF:1 369x363+1547+613
wm geometry .sigmgr._PF:1 369x361+1547+613
wm geometry .sigmgr._PF:1 369x360+1547+613
Mdi:Move 5 5
Mdi:Resize 1528 858
Mdi:Move 5 5
Graph:DSel
Graph:Select Graph0
Graph:DSel
Graph:DSel
Graph itemselect Signal1 add
# Signal1
Graph itemselect Signal1 add
# Signal1
Graph itemselect Signal1 add
# Signal1
Graph itemselect Signal1 rem
Graph delsignal Signal1
Graph:DSel
Graph:DSel
Graph axisconfig {AxisY(0,0) AxisX(0)} -range {{0.46521688054314 0.48789260082406} {734.6938u 844.7048u}}
Graph axisconfig {AxisX(0) AxisY(0,0)} -range {all all} -zoomed {0 0}
GrMeas:AtX Graph0 Signal0 {} xyrangeAll
# M:0
Graph:DSel
GrMeas:Select Graph0 M:0 0 1
GrMeas:MovePoint Graph0 M:0 0 10.25319438803u 0.59202743232267
GrMeas:MovePoint Graph0 M:0 0 0.0010000000861994 0.70989189370038
Graph:DSel
Graph:DSel
GrMeas:Select Graph0 M:0 0 1
GrMeas:MovePoint Graph0 M:0 0 295.34098121725u 0.67855378120372
ScopeSigMgr:loadpffile /chalmers/users/frebro/Kretselektronik/1/uppg151.tr0 1 openonly
# PF:2
wm geometry .sigmgr._PF:2 289x357+1627+561
wm geometry .sigmgr._PF:2 289x357+1627+545
wm geometry .sigmgr._PF:2 289x357+1575+510
wm geometry .sigmgr._PF:2 289x357+1557+495
wm geometry .sigmgr._PF:2 289x357+1550+486
wm geometry .sigmgr._PF:2 289x357+1543+467
wm geometry .sigmgr._PF:2 289x357+1539+456
wm geometry .sigmgr._PF:2 289x357+1536+446
wm geometry .sigmgr._PF:2 289x357+1536+438
wm geometry .sigmgr._PF:2 289x357+1535+431
wm geometry .sigmgr._PF:2 289x357+1535+429
ScopeSigMgr:Unload 0 {{(1) uppg142.sw0}}
Graph0 delsignal Signal0
wm geometry .sigmgr._PF:2 289x357+1536+429
wm geometry .sigmgr._PF:2 289x357+1538+431
wm geometry .sigmgr._PF:2 289x357+1542+435
wm geometry .sigmgr._PF:2 289x357+1548+443
wm geometry .sigmgr._PF:2 289x357+1549+450
wm geometry .sigmgr._PF:2 289x357+1566+460
wm geometry .sigmgr._PF:2 289x357+1594+483
wm geometry .sigmgr._PF:2 289x357+1612+505
wm geometry .sigmgr._PF:2 289x357+1626+526
wm geometry .sigmgr._PF:2 289x357+1627+546
wm geometry .sigmgr._PF:2 289x357+1627+559
wm geometry .sigmgr._PF:2 289x357+1627+560
wm geometry .sigmgr._PF:2 289x357+1627+561
wm geometry .sigmgr._PF:2 289x357+1627+562
wm geometry .sigmgr._PF:2 289x357+1627+564
wm geometry .sigmgr._PF:2 289x357+1627+568
wm geometry .sigmgr._PF:2 289x357+1627+569
wm geometry .sigmgr._PF:2 289x357+1627+570
wm geometry .sigmgr._PF:2 289x357+1627+571
wm geometry .sigmgr._PF:2 289x357+1627+573
wm geometry .sigmgr._PF:2 289x357+1627+575
wm geometry .sigmgr._PF:2 289x357+1627+578
wm geometry .sigmgr._PF:2 289x357+1627+581
wm geometry .sigmgr._PF:2 289x357+1627+586
wm geometry .sigmgr._PF:2 289x357+1627+588
wm geometry .sigmgr._PF:2 289x357+1627+589
wm geometry .sigmgr._PF:2 289x357+1627+590
wm geometry .sigmgr._PF:2 289x357+1627+593
wm geometry .sigmgr._PF:2 289x357+1627+594
pf:read PF:2 v(ut)
# WF:2:1
Graph addsignal WF:2:1 -region new -yview real(y) -xview real(x) -tracehi 2
# Signal0
pf:read PF:2 v(in)
# WF:2:2
Graph addsignal WF:2:2 -region new -yview real(y) -xview real(x) -tracehi 2
# Signal1
pf:read PF:2 v(0)
# WF:2:3
Graph addsignal WF:2:3 -region new -yview real(y) -xview real(x) -tracehi 2
# Signal2
pf:read PF:2 i(vin)
# WF:2:4
Graph addsignal WF:2:4 -region new -yview real(y) -xview real(x) -tracehi 2
# Signal3
Graph axisconfig {AxisY(0,0) AxisX(0) AxisY(1,0) AxisY(2,0) AxisY(3,0)} -range {{-0.34 0.32 } {363u 726u } {-0.374 0.352 } {-0.34 0.32 } {-25.5u 24u }}
Graph:DSel
Graph:Select Graph0
Graph axisconfig {AxisY(0,0) AxisX(0)} -range {{-0.14160257516849 0.41514702563065} {421.819u 447.722u}}
Graph axisconfig {AxisY(0,0) AxisX(0) AxisY(1,0) AxisY(2,0) AxisY(3,0)} -range {{-0.55 0.85 } {406u 462u } {-0.8 0.8 } {-0.8 0.8 } {-60u 60u }}
Graph axisconfig {AxisY(0,0) AxisX(0) AxisY(1,0) AxisY(2,0) AxisY(3,0)} -range {{-1.625 1.875 } {375u 495u } {-2.0 2.0 } {-2.0 2.0 } {-150u 150u }}
Graph axisconfig {AxisY(0,0) AxisX(0) AxisY(1,0) AxisY(2,0) AxisY(3,0)} -range {{-4.0 4.0 } {290u 570u } {-4.4 4.4 } {-4.4 4.4 } {-300u 300u }}
Graph axisconfig {AxisY(0,0) AxisX(0) AxisY(1,0) AxisY(2,0) AxisY(3,0)} -range {{-8.8 8.8 } {125u 725u } {-12.0 12.0 } {-12.0 12.0 } {-600u 600u }}
Graph axisconfig {AxisY(0,0) AxisX(0) AxisY(1,0) AxisY(2,0) AxisY(3,0)} -range {{-20.0 20.0 } {-225u 0.001075 } {-30.0 30.0 } {-30.0 30.0 } {-0.0015 0.0015 }}
Graph axisconfig {AxisY(0,0) AxisX(0) AxisY(1,0) AxisY(2,0) AxisY(3,0)} -range {{-44.0 44.0 } {-0.0012 0.002 } {-66.0 66.0 } {-66.0 66.0 } {-0.003 0.003 }}
Graph axisconfig {AxisY(0,0) AxisX(0) AxisY(1,0) AxisY(2,0) AxisY(3,0)} -range {{-44.0 44.0 } {-0.0012 0.002 } {-66.0 66.0 } {-66.0 66.0 } {-0.003 0.003 }}
Graph axisconfig {AxisY(0,0) AxisX(0) AxisY(1,0) AxisY(2,0) AxisY(3,0)} -range {{-20.4 19.2 } {-177.5u 895u } {-25.5 24.0 } {-25.5 24.0 } {-0.00102 960u }}
Graph:DSel
Graph axisconfig {AxisY(1,0) AxisX(0)} -range {{20.913097422769 -82.75751789845} {-5.749277u 98.7257u}}
Graph axisconfig {AxisY(0,0) AxisX(0) AxisY(1,0) AxisY(2,0) AxisY(3,0)} -range {{-55.0 45.0 } {-80u 160u } {-162.5 87.5 } {-60.0 60.0 } {-0.00275 0.00225 }}
Graph axisconfig {AxisY(0,0) AxisX(0) AxisY(1,0) AxisY(2,0) AxisY(3,0)} -range {{-137.5 112.5 } {-200u 280u } {-350.0 250.0 } {-150.0 150.0 } {-0.006 0.006 }}
Graph axisconfig {AxisY(0,0) AxisX(0) AxisY(1,0) AxisY(2,0) AxisY(3,0)} -range {{-137.5 112.5 } {-200u 280u } {-350.0 250.0 } {-150.0 150.0 } {-0.006 0.006 }}
Graph axisconfig {AxisX(0) AxisY(0,0) AxisY(1,0) AxisY(2,0) AxisY(3,0)} -range {all all all all all} -zoomed {0 0 0 0 0}
Graph axisconfig {AxisY(0,0) AxisX(0) AxisY(1,0) AxisY(2,0) AxisY(3,0)} -range {{-0.34 0.32 } {363u 726u } {-0.374 0.352 } {-0.17 0.16 } {-25.5u 24u }}
Graph:DSel
Graph axisconfig {AxisX(0) AxisY(0,0) AxisY(1,0) AxisY(2,0) AxisY(3,0)} -range {all all all all all} -zoomed {0 0 0 0 0}
GrMeas:AtX Graph0 Signal0 {} xyrangeAll
# M:1
Graph:DSel
GrMeas:Select Graph0 M:1 0 1
GrMeas:MovePoint Graph0 M:1 0 527.02388216304u 0.97446721164626
Graph:DSel
Graph:DSel
Graph:DSel
Graph itemselect Signal1 add
# Signal1
GrMeas:AtX Graph0 Signal1 {} xyrangeAll
# M:2
Graph:DSel
GrMeas:Select Graph0 M:2 0 1
GrMeas:MovePoint Graph0 M:2 0 527.07727541611u 0.99149418599822
Graph:DSel
GrMeas:Select Graph0 M:1 0 1
GrMeas:MovePoint Graph0 M:1 0 577.40785809004u -0.97468911538777
Graph:DSel
Graph:DSel
GrMeas:Select Graph0 M:2 0 1
GrMeas:MovePoint Graph0 M:2 0 575.00000411988u -1.0000004228539
Graph:DSel
Graph itemselect Signal2 add
# Signal2
Graph itemselect Signal2 rem
Graph delsignal Signal2
Graph:DSel
GrMeas:Select Graph0 M:2 0 1
GrMeas:MovePoint Graph0 M:2 0 0.0010000000816456 0.0
Graph:DSel
GrMeas:Select Graph0 M:1 0 1
GrMeas:MovePoint Graph0 M:1 0 927.07727614646u 0.97484599013423
Graph:DSel
GrMeas:Select Graph0 M:2 0 1
GrMeas:MovePoint Graph0 M:2 0 0.0010000000816456 0.0
Graph:DSel
GrMeas:Select Graph0 M:1 0 1
GrMeas:MovePoint Graph0 M:1 0 0.0010000000816456 -0.20069324281357
GrMeas:AtX Graph0 Signal1 900 xyrangeAll
# M:3
GrMeas:AtX Graph0 Signal1 900 xyrangeAll
# M:4
GrMeas:AtX Graph0 Signal1 900u xyrangeAll
# M:5
GrMeas:AtX Graph0 Signal0 900u xyrangeAll
# M:6
GrMeas:AtX Graph0 Signal0 927 xyrangeAll
# M:7
GrMeas:AtX Graph0 Signal0 927u xyrangeAll
# M:8
GrMeas:AtX Graph0 Signal1 927u xyrangeAll
# M:9
Graph axisconfig {AxisY(0,0) AxisX(0) AxisY(1,0) AxisY(2,0)} -range {{-0.34 0.32 } {363u 726u } {-0.374 0.352 } {-25.5u 24u }}
Graph axisconfig {AxisX(0) AxisY(0,0) AxisY(1,0) AxisY(2,0)} -range {all all all all} -zoomed {0 0 0 0}
Graph axisconfig {AxisY(0,0) AxisX(0) AxisY(1,0) AxisY(2,0)} -range {{-0.34 0.32 } {363u 726u } {-0.374 0.352 } {-34u 32u }}
Graph axisconfig {AxisY(0,0) AxisX(0) AxisY(1,0) AxisY(2,0)} -range {{-1.0 1.0 } {150u 950u } {-1.0 1.0 } {-100u 100u }}
Graph axisconfig {AxisY(0,0) AxisX(0) AxisY(1,0) AxisY(2,0)} -range {{-0.374 0.352 } {380.5u 661u } {-0.374 0.352 } {-34u 32u }}
Graph:DSel
Graph:Select Graph0
Graph axisconfig {AxisY(1,0) AxisX(0)} -range {{0.47898569082856 0.32279102265418} {625.104u 540.191u}}
Graph axisconfig {AxisY(0,0) AxisX(0) AxisY(1,0) AxisY(2,0)} -range {{-1.0 1.0 } {495u 675u } {0.2 0.6 } {-100u 100u }}
Graph:DSel
Graph axisconfig AxisX(0) -range {622.264u 572.66u}
Graph axisconfig AxisX(0) -range {597.5u 652.5u exact}
Graph axisconfig {AxisY(0,0) AxisX(0) AxisY(1,0) AxisY(2,0)} -range {{-2.2 2.2 } {570u 680u } {-0.03 0.81 } {-200u 200u }}
Graph axisconfig AxisX(0) -range {620u 740u exact}
Graph axisconfig AxisX(0) -range {680u 800u exact}
Graph axisconfig AxisX(0) -range {740u 860u exact}
Graph axisconfig AxisX(0) -range {800u 920u exact}
Graph axisconfig AxisX(0) -range {860u 980u exact}
Graph:DSel
GrMeas:Select Graph0 M:9 0 1
GrMeas:MovePoint Graph0 M:9 0 925.51869161139u 0.99891462764796
Graph:DSel
Graph axisconfig {AxisY(0,0) AxisX(0) AxisY(1,0) AxisY(2,0)} -range {{-1.36 1.28 } {899.6u 939.2u } {-0.005 0.49 } {-68u 64u }}
Graph axisconfig {AxisY(0,0) AxisX(0) AxisY(1,0) AxisY(2,0)} -range {{-4.0 4.0 } {872.5u 962.5u } {-0.6 1.0 } {-200u 200u }}
Graph axisconfig {AxisX(0) AxisY(0,0) AxisY(1,0) AxisY(2,0)} -range {all all all all} -zoomed {0 0 0 0}
Graph axisconfig {AxisY(0,0) AxisX(0) AxisY(1,0) AxisY(2,0)} -range {{-0.34 0.32 } {363u 726u } {-0.374 0.352 } {-34u 32u }}
Graph axisconfig AxisX(0) -range {550u 950u exact}
Graph axisconfig AxisX(0) -range {750u 0.00115 exact}
Graph axisconfig AxisY(1,0) -range {1.0 -222.04460492503a exact}
Graph axisconfig AxisY(0,0) -range {1.0 -444.08920985006a exact}
Graph axisconfig AxisY(0,0) -range {1.5 0.5 exact}
Graph axisconfig {AxisY(0,0) AxisX(0) AxisY(1,0) AxisY(2,0)} -range {{0.83 1.16 } {882u 0.001014 } {0.33 0.66 } {-17u 16u }}
Graph axisconfig {AxisY(0,0) AxisX(0) AxisY(1,0) AxisY(2,0)} -range {{0.932 1.064 } {926.2u 972.4u } {0.398 0.596 } {-6.8u 6.4u }}
Graph axisconfig {AxisY(0,0) AxisX(0) AxisY(1,0) AxisY(2,0)} -range {{0.966 1.032 } {941.5u 958u } {0.399 0.498 } {-3.4u 3.2u }}
Graph axisconfig AxisY(0,0) -range {1.0 0.9 exact}
Graph axisconfig AxisX(0) -range {931u 949u exact}
Graph axisconfig AxisX(0) -range {922u 940u exact}
Graph:DSel
GrMeas:Select Graph0 M:8 0 1
GrMeas:MovePoint Graph0 M:8 0 927.07723510241u 0.9748458312448
Graph axisconfig AxisY(1,0) -range {0.575 0.425 exact}
Graph axisconfig AxisY(1,0) -range {0.65 0.5 exact}
Graph axisconfig AxisY(1,0) -range {0.725 0.575 exact}
Graph axisconfig AxisY(1,0) -range {0.8 0.65 exact}
Graph axisconfig AxisY(1,0) -range {0.875 0.725 exact}
Graph axisconfig AxisY(1,0) -range {0.95 0.8 exact}
Graph axisconfig AxisY(1,0) -range {1.025 0.875 exact}
Graph axisconfig AxisX(0) -range {913u 931u exact}
Graph axisconfig AxisY(1,0) -range {1.1 0.95 exact}
Graph axisconfig AxisX(0) -range {922u 940u exact}
Graph:DSel
GrMeas:Select Graph0 M:9 0 1
GrMeas:MovePoint Graph0 M:9 0 924.99997817537u 0.99999998150355
Graph:DSel
GrMeas:Select Graph0 M:8 0 1
GrMeas:MovePoint Graph0 M:8 0 927.07723510241u 0.9748458312448
Graph axisconfig {AxisX(0) AxisY(0,0) AxisY(1,0) AxisY(2,0)} -range {all all all all} -zoomed {0 0 0 0}
Graph:DSel
Graph:Select Graph0
Graph:DSel
Graph:DSel
Graph:DSel
Graph:DSel
Graph:DSel
Graph itemselect Signal0 add
# Signal0
Graph itemselect Signal1 add
# Signal1
Graph itemselect Signal1 add
# Signal1
Graph:DSel
Graph:DSel
Graph:Select Graph0
Graph:DSel
Graph:DSel
Graph itemselect Signal1 add
# Signal1
Graph itemselect Signal1 add
# Signal1
Graph itemselect Signal1 add
# Signal1
Graph sigconfig Signal1 -region 0 -rgnindex 1
Graph:DSel
Graph itemselect Signal3 add
# Signal3
Graph itemselect Signal3 rem
Graph delsignal Signal3
Graph axisconfig {AxisY(0,0) AxisX(0)} -range {{-0.374 0.352 } {363u 726u }}
Graph:DSel
Graph axisconfig {AxisY(0,0) AxisX(0)} -range {{0.25310142001367 -0.049241517065346} {456.745u 458.2u}}
Graph axisconfig AxisY(0,0) -range {0.475 0.125 exact}
Graph axisconfig AxisY(0,0) -range {0.3 -0.05 exact}
Graph axisconfig {AxisY(0,0) AxisX(0)} -range {{-0.225 0.475 } {455.625u 459.125u }}
Graph axisconfig {AxisY(0,0) AxisX(0)} -range {{-0.7 0.9 } {453.5u 461.5u }}
Graph axisconfig {AxisY(0,0) AxisX(0)} -range {{-1.7 1.9 } {448.5u 466.5u }}
Graph axisconfig {AxisY(0,0) AxisX(0)} -range {{-4.0 4.0 } {438u 478u }}
Graph axisconfig {AxisY(0,0) AxisX(0)} -range {{-8.8 8.8 } {412.5u 502.5u }}
Graph axisconfig {AxisY(0,0) AxisX(0)} -range {{-20.0 20.0 } {360u 560u }}
Graph axisconfig {AxisY(0,0) AxisX(0)} -range {{-44.0 44.0 } {230u 670u }}
Graph axisconfig {AxisY(0,0) AxisX(0)} -range {{-100.0 100.0 } {-50u 950u }}
Graph axisconfig {AxisY(0,0) AxisX(0)} -range {{-220.0 220.0 } {-800u 0.0016 }}
Graph axisconfig {AxisX(0) AxisY(0,0)} -range {all all} -zoomed {0 0}
Graph axisconfig {AxisY(0,0) AxisX(0)} -range {{-0.374 0.352 } {363u 726u }}
Graph axisconfig AxisY(0,0) -range {0.8 55.511151231258a exact}
Graph axisconfig AxisY(0,0) -range {1.2 0.4 exact}
Graph axisconfig {AxisY(0,0) AxisX(0)} -range {{0.664 0.928 } {482u 614u }}
Graph axisconfig AxisY(0,0) -range {1.1 0.8 exact}
AimCalc
AimBarItem:Hide .aimCalc
wm withdraw .aimCalcConstForm
wm geometry .aimCalc 370x355+1523+299
AimBarItem:Show .aimCalc
wm geometry .aimCalc 370x355+1540+405
AimBarItem:Hide .aimCalc
wm withdraw .aimCalcConstForm
wm geometry .aimCalc 370x355+2+29
Graph axisconfig {AxisY(0,0) AxisX(0)} -gridvis {yes yes}
Graph config -grid yes
Graph:DSel
Graph:DSel
Graph itemselect Signal0 add
# Signal0
Graph itemselect Signal1 add
# Signal1
Graph itemselect Signal1 add
# Signal1
Graph:DSel
Graph:DSel
Graph itemselect AxisX(0) add
# AxisX(0)
GrMeas:VerticalMarker Graph0 {Signal0 Signal1} 529.96u
# M:10
Graph:DSel
GrMeas:Select Graph0 M:10 0
GrMeas:MoveXLevel Graph0 M:10 0 524.78667594562u
# M:10
Graph:DSel
Graph itemselect AxisX(0) add
# AxisX(0)
GrMeas:VerticalMarker Graph0 {Signal0 Signal1} 529.96u
# M:11
Graph:DSel
GrMeas:Select Graph0 M:11 2
GrMeas:HideResult Graph0 M:11 2
GrMeas:ShowResult Graph0 M:11 2
GrMeas:Select Graph0 M:11 2 1
GrMeas:HideResult Graph0 M:11 2
GrMeas:ShowResult Graph0 M:11 2
GrMeas:Select Graph0 M:11 2 1
Graph:DSel
GrMeas:Select Graph0 M:11 1
GrMeas:HideResult Graph0 M:11 1
GrMeas:ShowResult Graph0 M:11 1
GrMeas:Select Graph0 M:11 1 1
Graph:DSel
GrMeas:Select Graph0 M:11 0
GrMeas:MoveXLevel Graph0 M:11 0 529.49829271874u
# M:11
GrMeas:MoveXLevel Graph0 M:11 0 527.24491078377u
# M:11
Graph:DSel
GrMeas:Select Graph0 M:11 1
GrMeas:MoveText Graph0 M:11 1 50 38
Graph:DSel
GrMeas:Select Graph0 M:11 2
Graph:DSel
Graph:DSel
GrMeas:Select Graph0 M:11 1
GrMeas:MoveText Graph0 M:11 1 395 25
Graph:DSel
GrMeas:Select Graph0 M:11 2
GrMeas:MoveText Graph0 M:11 2 407 -60
Graph:DSel
GrMeas:Select Graph0 M:11 1
GrMeas:MoveText Graph0 M:11 1 405 -71
Graph:DSel
Graph:DSel
GrMeas:Select Graph0 M:11 0 1
GrMeas:MoveText Graph0 M:11 0 nw
Graph:DSel
GrMeas:Select Graph0 M:10 0 1
GrMeas:MoveText Graph0 M:10 0 nw
Graph:DSel
GrMeas:Select Graph0 M:11 2
GrMeas:HideResult Graph0 M:11 2
GrMeas:ShowResult Graph0 M:11 2
GrMeas:Select Graph0 M:11 2 1
Graph:DSel
GrMeas:Select Graph0 M:10 2
GrMeas:MoveText Graph0 M:10 2 -169 -12
Graph:DSel
GrMeas:Select Graph0 M:10 1
GrMeas:MoveText Graph0 M:10 1 -166 -100
Graph:DSel
Graph:DSel
GrMeas:Select Graph0 M:11 2
GrMeas:HideResult Graph0 M:11 2
GrMeas:ShowResult Graph0 M:11 2
GrMeas:Select Graph0 M:11 2 1
Graph:DSel
GrMeas:Select Graph0 M:11 0 1
GrMeas:MoveXLevel Graph0 M:11 0 540.45792303881u
# M:11
Graph:DSel
GrMeas:Select Graph0 M:10 0 1
GrMeas:MoveXLevel Graph0 M:10 0 512.90520756124u
# M:10
Graph:DSel
Graph:DSel
GrMeas:Select Graph0 M:11 0 1
GrMeas:MoveXLevel Graph0 M:11 0 545.16953981192u
# M:11
GrMeas:AtX Graph0 Signal1 527u xyrangeAll
# M:12
GrMeas:AtX Graph0 Signal1 527u xyrangeAll
# M:13
GrMeas:AtX Graph0 Signal0 527u xyrangeAll
# M:14
Graph:DSel
GrMeas:Select Graph0 M:13 0 1
GrMeas:MovePoint Graph0 M:13 0 524.20305647613u 0.99798164381416
Graph:DSel
GrMeas:Select Graph0 M:12 0 1
GrMeas:DelMfromMenu Graph0 M:12
Graph:DSel
GrMeas:Select Graph0 M:13 0 1
GrMeas:MovePoint Graph0 M:13 0 524.99996227673u 0.99999997183861
Graph:DSel
GrMeas:Select Graph0 M:14 0 1
GrMeas:MovePoint Graph0 M:14 0 527.07727374157u 0.97484584937127
Graph:DSel
Graph:DSel
Graph:Select Graph0
Graph:DSel
Graph addsignal WF:3:2 -region 0 -yview real(y) -xview real(x) -rainbow 0 -rbcolors {} -fill green -linestyle - -width 1 -symbol {} -symwidth 10 -bar {} -barwidth 0 -baseline 0.0 -stipple {} -label v(ut) -xaxis 0 -yaxis 0 -tracehi 2 -bus {} -segdisp y -monotonicdisp 0
# Signal4
GrMeas:AtX Graph0 Signal4 0.0010000000816456 xyrangeAll
# M:15
GrMeas:AtX Graph0 Signal4 900u xyrangeAll
# M:16
GrMeas:AtX Graph0 Signal4 927 xyrangeAll
# M:17
GrMeas:AtX Graph0 Signal4 927.07723510241u xyrangeAll
# M:18
GrMeas:AtX Graph0 Signal4 527.07727374157u xyrangeAll
# M:19
Graph addsignal WF:3:1 -region 0 -yview real(y) -xview real(x) -rainbow 0 -rbcolors {} -fill magenta -linestyle - -width 1 -symbol {} -symwidth 10 -bar {} -barwidth 0 -baseline 0.0 -stipple {} -label v(in) -xaxis 0 -yaxis 0 -tracehi 2 -bus {} -segdisp y -monotonicdisp 0
# Signal5
GrMeas:AtX Graph0 Signal5 0.0010000000816456 xyrangeAll
# M:20
GrMeas:AtX Graph0 Signal5 900 xyrangeAll
# M:21
GrMeas:AtX Graph0 Signal5 900 xyrangeAll
# M:22
GrMeas:AtX Graph0 Signal5 900u xyrangeAll
# M:23
GrMeas:AtX Graph0 Signal5 924.99997817537u xyrangeAll
# M:24
GrMeas:AtX Graph0 Signal5 524.99996227673u xyrangeAll
# M:25
GrMeas:VerticalMarker Graph0 {Signal4 Signal5} 512.90520756124u
# M:26
GrMeas:VerticalMarker Graph0 {Signal4 Signal5} 545.16953981192u
# M:27
Graph itemselect all rem
Graph itemselect Signal0 add
# Signal0
Graph itemselect Signal1 add
# Signal1
Graph delsignal selected
Graph:DSel
GrMeas:Select Graph0 M:25 0 1
GrMeas:MovePoint Graph0 M:25 0 524.99996227673u 0.99999997183861
Graph:DSel
Graph:DSel
GrMeas:Select Graph0 M:19 0 1
GrMeas:MovePoint Graph0 M:19 0 527.07727374157u 0.97484584937127
Graph:DSel
ScopeSigMgr:Reload 0 {{(2) uppg151.tr0}}
ScopeSigMgr:loadpffile /chalmers/users/frebro/Kretselektronik/1/uppg152.tr0 1 openonly
# PF:4
Graph itemselect all add
# Signal5
Graph delsignal selected
Graph:ClearItems
Graph:DSel
pf:read PF:4 v(ut)
# WF:4:1
Graph addsignal WF:4:1 -region new -yview real(y) -xview real(x) -tracehi 2
# Signal0
pf:read PF:4 v(in)
# WF:4:2
Graph addsignal WF:4:2 -region new -yview real(y) -xview real(x) -tracehi 2
# Signal1
Graph addsignal WF:5:2 -region 0 -yview real(y) -xview real(x) -rainbow 0 -rbcolors {} -fill green -linestyle - -width 1 -symbol {} -symwidth 10 -bar {} -barwidth 0 -baseline 0.0 -stipple {} -label v(ut) -xaxis 0 -yaxis 0 -tracehi 2 -bus {} -segdisp y -monotonicdisp 0
# Signal2
Graph addsignal WF:5:1 -region 1 -yview real(y) -xview real(x) -rainbow 0 -rbcolors {} -fill magenta -linestyle - -width 1 -symbol {} -symwidth 10 -bar {} -barwidth 0 -baseline 0.0 -stipple {} -label v(in) -xaxis 0 -yaxis 0 -tracehi 2 -bus {} -segdisp y -monotonicdisp 0
# Signal3
Graph itemselect all rem
Graph itemselect Signal0 add
# Signal0
Graph itemselect Signal1 add
# Signal1
Graph delsignal selected
Graph addsignal WF:6:2 -region 0 -yview real(y) -xview real(x) -rainbow 0 -rbcolors {} -fill green -linestyle - -width 1 -symbol {} -symwidth 10 -bar {} -barwidth 0 -baseline 0.0 -stipple {} -label v(ut) -xaxis 0 -yaxis 0 -tracehi 2 -bus {} -segdisp y -monotonicdisp 0
# Signal4
Graph addsignal WF:6:1 -region 1 -yview real(y) -xview real(x) -rainbow 0 -rbcolors {} -fill magenta -linestyle - -width 1 -symbol {} -symwidth 10 -bar {} -barwidth 0 -baseline 0.0 -stipple {} -label v(in) -xaxis 0 -yaxis 0 -tracehi 2 -bus {} -segdisp y -monotonicdisp 0
# Signal5
Graph itemselect all rem
Graph itemselect Signal2 add
# Signal2
Graph itemselect Signal3 add
# Signal3
Graph delsignal selected
Graph addsignal WF:7:2 -region 0 -yview real(y) -xview real(x) -rainbow 0 -rbcolors {} -fill green -linestyle - -width 1 -symbol {} -symwidth 10 -bar {} -barwidth 0 -baseline 0.0 -stipple {} -label v(ut) -xaxis 0 -yaxis 0 -tracehi 2 -bus {} -segdisp y -monotonicdisp 0
# Signal6
Graph addsignal WF:7:1 -region 1 -yview real(y) -xview real(x) -rainbow 0 -rbcolors {} -fill magenta -linestyle - -width 1 -symbol {} -symwidth 10 -bar {} -barwidth 0 -baseline 0.0 -stipple {} -label v(in) -xaxis 0 -yaxis 0 -tracehi 2 -bus {} -segdisp y -monotonicdisp 0
# Signal7
Graph itemselect all rem
Graph itemselect Signal4 add
# Signal4
Graph itemselect Signal5 add
# Signal5
Graph delsignal selected
Graph:DSel
Graph:Select Graph0
Graph:DSel
Graph itemselect Signal7 add
# Signal7
Graph sigconfig Signal7 -region 0 -rgnindex 1
Graph axisconfig {AxisY(0,0) AxisX(0)} -range {{-0.374 0.352 } {33u 66u }}
Graph axisconfig AxisY(0,0) -range {0.8 55.511151231258a exact}
Graph axisconfig {AxisY(0,0) AxisX(0)} -range {{0.264 0.528 } {44.05u 55.6u }}
Graph axisconfig {AxisY(0,0) AxisX(0)} -range {{0.349 0.448 } {47.96u 51.92u }}
Graph axisconfig AxisY(0,0) -range {0.505 0.395 exact}
Graph axisconfig AxisX(0) -range {49.75u 54.25u exact}
Graph axisconfig AxisX(0) -range {52u 56.5u exact}
Graph axisconfig {AxisY(0,0) AxisX(0)} -range {{0.4313 0.4676 } {53.485u 54.97u }}
Graph axisconfig {AxisY(0,0) AxisX(0)} -range {{0.4432 0.4564 } {53.928u 54.456u }}
Graph axisconfig AxisY(0,0) -range {0.45 0.434 exact}
Graph axisconfig AxisY(0,0) -range {0.442 0.426 exact}
Graph axisconfig AxisY(0,0) -range {0.434 0.418 exact}
Graph axisconfig AxisY(0,0) -range {0.442 0.426 exact}
Graph axisconfig {AxisY(0,0) AxisX(0)} -range {{0.43128 0.43656 } {54.098u 54.296u }}
Graph axisconfig {AxisY(0,0) AxisX(0)} -range {{0.43298 0.43496 } {54.14925u 54.2235u }}
Graph axisconfig AxisY(0,0) -range {0.433875 0.431625 exact}
Graph axisconfig {AxisY(0,0) AxisX(0)} -range {{0.4305 0.435 } {54.095u 54.275u }}
Graph axisconfig {AxisY(0,0) AxisX(0)} -range {{0.4275 0.4375 } {53.975u 54.375u }}
Graph axisconfig {AxisY(0,0) AxisX(0)} -range {{0.42 0.444 } {53.725u 54.625u }}
Graph axisconfig {AxisY(0,0) AxisX(0)} -range {{0.40375 0.45875 } {53.2u 55.2u }}
Graph axisconfig {AxisY(0,0) AxisX(0)} -range {{0.37 0.49 } {51.9u 56.3u }}
Graph axisconfig {AxisY(0,0) AxisX(0)} -range {{0.29 0.57 } {49u 59u }}
Graph axisconfig AxisY(0,0) -range {0.775 0.425 exact}
Graph axisconfig AxisY(0,0) -range {0.95 0.6 exact}
Graph axisconfig {AxisY(0,0) AxisX(0)} -range {{0.425 1.125 } {42u 66u }}
GrMeas:AtX Graph0 Signal6 53u xyrangeAll
# M:28
GrMeas:AtX Graph0 Signal6 54u xyrangeAll
# M:29
GrMeas:AtX Graph0 Signal7 52u xyrangeAll
# M:30
Graph:DSel
GrMeas:Select Graph0 M:30 0 1
GrMeas:MovePoint Graph0 M:30 0 52.499999360498u 1.0000000130296
Graph:DSel
GrMeas:Select Graph0 M:29 0 1
GrMeas:MovePoint Graph0 M:29 0 54.184245374365u 0.43283311875238
Graph:DSel
Graph:DSel
GrMeas:Select Graph0 M:29 0 1
GrMeas:MovePoint Graph0 M:29 0 54.184245374365u 0.43283311875238
ScopeSigMgr:loadpffile /chalmers/users/frebro/Kretselektronik/1/uppg151.tr0 1 replace
# PF:3
wm geometry .sigmgr._PF:2 289x357+1552+599
wm geometry .sigmgr._PF:2 289x357+1542+600
wm geometry .sigmgr._PF:2 289x357+1540+600
wm geometry .sigmgr._PF:4 289x357+1540+624
wm geometry .sigmgr._PF:4 289x357+1507+632
wm geometry .sigmgr._PF:4 289x357+1491+635
wm geometry .sigmgr._PF:4 289x357+1487+636
wm geometry .sigmgr._PF:4 289x357+1486+636
wm geometry .sigmgr._PF:2 289x357+1522+610
wm geometry .sigmgr._PF:2 289x357+1486+628
wm geometry .sigmgr._PF:2 289x357+1434+636
wm geometry .sigmgr._PF:2 289x357+1430+636
wm geometry .sigmgr._PF:2 289x357+1438+636
wm geometry .sigmgr._PF:2 289x357+1486+636
wm geometry .sigmgr._PF:2 289x357+1549+613
wm geometry .sigmgr._PF:2 289x357+1593+613
wm geometry .sigmgr._PF:4 289x357+1495+636
wm geometry .sigmgr._PF:4 289x357+1507+634
wm geometry .sigmgr._PF:4 289x357+1517+631
wm geometry .sigmgr._PF:4 289x357+1528+629
wm geometry .sigmgr._PF:4 289x357+1534+626
wm geometry .sigmgr._PF:4 289x357+1536+626
Graph:DSel
Graph:Select Graph0
GrXY:NewGraph
# Graph1
# Graph2
pf:read PF:3 v(in)
# WF:3:1
Graph addsignal WF:3:1 -region new -yview real(y) -xview real(x) -tracehi 2
# Signal0
Graph:Select Graph2
Mdi:Move 685 240
Mdi:Move 1011 448
Graph:Select Graph2
Graph:DSel
Graph itemselect Signal0 add
# Signal0
Graph:Select Graph1
pf:read PF:3 v(ut)
# WF:3:2
Graph addsignal WF:3:2 -region new -yview real(y) -xview real(x) -tracehi 2
# Signal1
Graph:Select Graph1
Graph:DSel
Graph itemselect Signal1 add
# Signal1
Graph sigconfig Signal1 -region 0 -rgnindex 1
Mdi:FullSize
Mdi:NormalSize
Graph:DSel
Graph itemselect Signal0 add
# Signal0
Graph sigconfig Signal0 -region 0 -rgnindex 2
Graph sigconfig Signal0 -region 0 -yview real(y) -xview real(x) -rainbow 0 -rbcolors {} -fill green -linestyle - -width 1 -symbol {} -symwidth 10 -bar {} -barwidth 0 -baseline 0.0 -stipple {} -label v(ut) -xaxis 0 -yaxis 0 -tracehi 2 -bus {} -segdisp y -monotonicdisp 0
GrXY:NewGraph
# Graph3
pf:read PF:3 v(in)
# WF:3:1
Graph addsignal WF:3:1 -region new -yview real(y) -xview real(x) -tracehi 2
# Signal0
pf:read PF:3 v(ut)
# WF:3:2
Graph addsignal WF:3:2 -region new -yview real(y) -xview real(x) -tracehi 2
# Signal1
Mdi:Move 355 171
Mdi:Move 4 4
Mdi:Resize 1508 855
Mdi:Move 4 4
Graph:Select Graph3
Graph:DSel
Graph itemselect Signal1 add
# Signal1
Graph sigconfig Signal1 -region 0 -rgnindex 1
Graph axisconfig {AxisY(0,0) AxisX(0)} -range {{-0.374 0.352 } {363u 726u }}
Graph axisconfig {AxisY(0,0) AxisX(0)} -range {{-0.136 0.128 } {482u 614u }}
Graph axisconfig AxisY(0,0) -range {0.3 0.0 exact}
Graph axisconfig AxisY(0,0) -range {0.45 0.15 exact}
Graph axisconfig AxisY(0,0) -range {0.6 0.3 exact}
Graph axisconfig AxisY(0,0) -range {0.75 0.45 exact}
Graph axisconfig AxisY(0,0) -range {0.9 0.6 exact}
Graph axisconfig AxisY(0,0) -range {1.05 0.75 exact}
Graph axisconfig AxisY(0,0) -range {1.2 0.9 exact}
Graph axisconfig {AxisY(0,0) AxisX(0)} -range {{0.999 1.098 } {526.2u 572.4u }}
Graph axisconfig AxisX(0) -range {500u 550u exact}
Graph axisconfig AxisY(0,0) -range {1.045 0.935 exact}
GrMeas:AtX Graph3 Signal1 525u xyrangeAll
# M:0
GrMeas:AtX Graph3 Signal0 525u xyrangeAll
# M:1
Graph:DSel
GrMeas:Select Graph3 M:0 0 1
GrMeas:MovePoint Graph3 M:0 0 527.077301938u 0.9748458810674
Graph:DSel
GrMeas:Select Graph3 M:1 0 1
GrMeas:MovePoint Graph3 M:1 0 524.99998716581u 0.99999999447124
ScopeSigMgr:loadpffile /chalmers/users/frebro/Kretselektronik/2/uppg222.sw0 1 openonly
# PF:8
pf:read PF:8 v(ut)
# WF:8:1
Graph addsignal WF:8:1 -region new -yview real(y) -xview real(x) -tracehi 2
# Signal2
Graph:Select Graph3
Graph:DSel
Graph itemselect Signal0 add
# Signal0
Graph:DSel
Graph itemselect Signal1 add
# Signal1
Graph itemselect Signal1 rem
Graph itemselect Signal1 add
# Signal1
Graph itemselect Signal0 add
# Signal0
Graph itemselect Signal0 add
# Signal0
Graph itemselect Signal1 rem
# Signal0
Graph delsignal Signal1
Graph itemselect Signal0 rem
Graph delsignal Signal0
ScopeSigMgr:Unload 0 {{(2) uppg151.tr0}}
wm geometry .sigmgr._PF:4 289x357+1535+626
ScopeSigMgr:Unload 0 {{(3) uppg152.tr0}}
Graph:DSel
pf:read PF:8 v(vdd)
# WF:8:2
Graph addsignal WF:8:2 -region new -yview real(y) -xview real(x) -tracehi 2
# Signal3
Graph:Select Graph3
Graph:DSel
Graph itemselect Signal3 add
# Signal3
Graph itemselect Signal3 add
# Signal3
Graph itemselect Signal3 rem
Graph delsignal Signal3
Graph:DSel
pf:read PF:8 v(in)
# WF:8:3
Graph addsignal WF:8:3 -region new -yview real(y) -xview real(x) -tracehi 2
# Signal4
Graph:Select Graph3
Graph:DSel
Graph itemselect Signal4 add
# Signal4
Graph itemselect Signal4 add
# Signal4
Graph itemselect Signal4 rem
Graph delsignal Signal4
Graph:DSel
pf:read PF:8 i(vin)
# WF:8:4
Graph addsignal WF:8:4 -region new -yview real(y) -xview real(x) -tracehi 2
# Signal5
pf:read PF:8 i(vvdd)
# WF:8:5
Graph addsignal WF:8:5 -region new -yview real(y) -xview real(x) -tracehi 2
# Signal6
Graph:Select Graph3
Graph:DSel
Graph itemselect Signal5 add
# Signal5
Graph itemselect Signal5 rem
Graph delsignal Signal5
Graph:DSel
Graph itemselect Signal6 add
# Signal6
Graph itemselect Signal6 rem
Graph delsignal Signal6
Graph:DSel
Graph addsignal WF:9:1 -region 0 -yview real(y) -xview real(x) -rainbow 0 -rbcolors {} -fill cyan -linestyle - -width 1 -symbol {} -symwidth 10 -bar {} -barwidth 0 -baseline 0.0 -stipple {} -label v(ut) -xaxis 1 -yaxis 0 -tracehi 2 -bus {} -segdisp y -monotonicdisp 0
# Signal7
Graph itemselect all rem
Graph itemselect Signal2 add
# Signal2
Graph delsignal selected
Graph addsignal WF:10:1 -region 0 -yview real(y) -xview real(x) -rainbow 0 -rbcolors {} -fill cyan -linestyle - -width 1 -symbol {} -symwidth 10 -bar {} -barwidth 0 -baseline 0.0 -stipple {} -label v(ut) -xaxis 1 -yaxis 0 -tracehi 2 -bus {} -segdisp y -monotonicdisp 0
# Signal8
Graph itemselect all rem
Graph itemselect Signal7 add
# Signal7
Graph delsignal selected
Graph:Select Graph3
Graph:DSel
Graph itemselect AxisX(1) add
# AxisX(1)
Graph itemselect AxisX(1) add
Graph:DSel
GrMeas:AtX Graph3 Signal8 525u xyrangeAll
# M:2
Graph:DSel
GrMeas:Select Graph3 M:2 0 1
GrMeas:MovePoint Graph3 M:2 0 0.68862024780527 3.2999998570594
GrMeas:MovePoint Graph3 M:2 0 3.2999999938243 0.16621347699776
Graph addsignal WF:11:1 -region 0 -yview real(y) -xview real(x) -rainbow 0 -rbcolors {} -fill cyan -linestyle - -width 1 -symbol {} -symwidth 10 -bar {} -barwidth 0 -baseline 0.0 -stipple {} -label v(ut) -xaxis 1 -yaxis 0 -tracehi 2 -bus {} -segdisp y -monotonicdisp 0
# Signal9
GrMeas:AtX Graph3 Signal9 3.2999999938243 xyrangeAll
# M:3
Graph itemselect all rem
Graph itemselect Signal8 add
# Signal8
Graph delsignal selected
Graph:DSel
GrMeas:Select Graph3 M:3 0 1
GrMeas:MovePoint Graph3 M:3 0 2.6635542725108 2.529015169029
Graph addsignal WF:12:1 -region 0 -yview real(y) -xview real(x) -rainbow 0 -rbcolors {} -fill cyan -linestyle - -width 1 -symbol {} -symwidth 10 -bar {} -barwidth 0 -baseline 0.0 -stipple {} -label v(ut) -xaxis 1 -yaxis 0 -tracehi 2 -bus {} -segdisp y -monotonicdisp 0
# Signal10
GrMeas:AtX Graph3 Signal10 2.6635542725108 xyrangeAll
# M:4
Graph itemselect all rem
Graph itemselect Signal9 add
# Signal9
Graph delsignal selected
Graph addsignal WF:13:1 -region 0 -yview real(y) -xview real(x) -rainbow 0 -rbcolors {} -fill cyan -linestyle - -width 1 -symbol {} -symwidth 10 -bar {} -barwidth 0 -baseline 0.0 -stipple {} -label v(ut) -xaxis 1 -yaxis 0 -tracehi 2 -bus {} -segdisp y -monotonicdisp 0
# Signal11
GrMeas:AtX Graph3 Signal11 2.6635542725108 xyrangeAll
# M:5
Graph itemselect all rem
Graph itemselect Signal10 add
# Signal10
Graph delsignal selected
Graph addsignal WF:14:1 -region 0 -yview real(y) -xview real(x) -rainbow 0 -rbcolors {} -fill cyan -linestyle - -width 1 -symbol {} -symwidth 10 -bar {} -barwidth 0 -baseline 0.0 -stipple {} -label v(ut) -xaxis 1 -yaxis 0 -tracehi 2 -bus {} -segdisp y -monotonicdisp 0
# Signal12
GrMeas:AtX Graph3 Signal12 2.6635542725108 xyrangeAll
# M:6
Graph itemselect all rem
Graph itemselect Signal11 add
# Signal11
Graph delsignal selected
Graph:DSel
Graph:Select Graph3
Graph axisconfig {AxisY(0,0) AxisX(1)} -range {{3.2531442403052 3.2863474466589} {0.4593 0.68862}}
Graph:DSel
Graph axisconfig {AxisX(1) AxisY(0,0)} -range {all all} -zoomed {0 0}
Graph:DSel
GrMeas:AtX Graph3 Signal12 525u xyrangeAll
# M:7
Graph:DSel
GrMeas:Select Graph3 M:7 0 1
GrMeas:MovePoint Graph3 M:7 0 2.2225375671446 0.034031202068781
Graph:DSel
Graph:DSel
GrMeas:Select Graph3 M:7 0 1
GrMeas:DelMfromMenu Graph3 M:7
Graph:DSel
GrMeas:Select Graph3 M:6 0 1
GrMeas:MovePoint Graph3 M:6 0 0.93922465992416 1.323964681509
Graph:DSel
Graph addsignal WF:15:1 -region 0 -yview real(y) -xview real(x) -rainbow 0 -rbcolors {} -fill cyan -linestyle - -width 1 -symbol {} -symwidth 10 -bar {} -barwidth 0 -baseline 0.0 -stipple {} -label v(ut) -xaxis 1 -yaxis 0 -tracehi 2 -bus {} -segdisp y -monotonicdisp 0
# Signal13
GrMeas:AtX Graph3 Signal13 0.93922465992416 xyrangeAll
# M:8
Graph itemselect all rem
Graph itemselect Signal12 add
# Signal12
Graph delsignal selected
Graph:DSel
GrMeas:Select Graph3 M:8 0 1
GrMeas:MovePoint Graph3 M:8 0 0.82752427617458 2.6397544254553
Graph addsignal WF:16:1 -region 0 -yview real(y) -xview real(x) -rainbow 0 -rbcolors {} -fill cyan -linestyle - -width 1 -symbol {} -symwidth 10 -bar {} -barwidth 0 -baseline 0.0 -stipple {} -label v(ut) -xaxis 1 -yaxis 0 -tracehi 2 -bus {} -segdisp y -monotonicdisp 0
# Signal14
GrMeas:AtX Graph3 Signal14 0.82752427617458 xyrangeAll
# M:9
Graph itemselect all rem
Graph itemselect Signal13 add
# Signal13
Graph delsignal selected
Graph:DSel
Graph:Select Graph3
Graph:DSel
Graph axisconfig {AxisY(0,0) AxisX(1)} -range {{0.70598398145868 0.68701072068515} {1.3817 1.4021}}
Graph axisconfig {AxisX(1) AxisY(0,0)} -range {all all} -zoomed {0 0}
Graph:DSel
GrMeas:Select Graph3 M:9 0 1
GrMeas:MoveText Graph3 M:9 0 229 539
Graph:DSel
Graph:DSel
GrMeas:Select Graph3 M:9 0 1
GrMeas:MoveText Graph3 M:9 0 -98 195
GrMeas:MovePoint Graph3 M:9 0 1.1846622737833 1.9869068169232
GrMeas:MoveText Graph3 M:9 0 -196 -21
GrMeas:MovePoint Graph3 M:9 0 1.400000017998 0.7032013995045
pf:read PF:16 i(vin)
# WF:16:2
Graph addsignal WF:16:2 -region new -yview real(y) -xview real(x) -tracehi 2
# Signal15
pf:read PF:16 i(vvdd)
# WF:16:3
Graph addsignal WF:16:3 -region new -yview real(y) -xview real(x) -tracehi 2
# Signal16
Graph:Select Graph3
Graph:DSel
Graph itemselect Signal15 add
# Signal15
Graph itemselect Signal15 add
# Signal15
Graph itemselect Signal15 rem
Graph delsignal Signal15
Graph:DSel
Graph:DSel
Graph:DSel
Graph itemselect Signal16 add
# Signal16
Graph sigconfig Signal16 -region 0 -rgnindex 1
Graph itemselect Signal16 add
# Signal16
Graph itemselect Signal16 add
# Signal16
Graph itemselect Signal16 rem
Graph delsignal Signal16
Graph:DSel
Graph addsignal WF:17:1 -region 0 -yview real(y) -xview real(x) -rainbow 0 -rbcolors {} -fill cyan -linestyle - -width 1 -symbol {} -symwidth 10 -bar {} -barwidth 0 -baseline 0.0 -stipple {} -label v(ut) -xaxis 1 -yaxis 0 -tracehi 2 -bus {} -segdisp y -monotonicdisp 0
# Signal17
GrMeas:AtX Graph3 Signal17 1.400000017998 xyrangeAll
# M:10
Graph itemselect all rem
Graph itemselect Signal14 add
# Signal14
Graph delsignal selected
Graph:DSel
Graph:Select Graph3
Graph:DSel
Graph:DSel
Graph:DSel
GrMeas:Select Graph3 M:10 0 1
GrMeas:MovePoint Graph3 M:10 0 0.99760716303107 0.33755068399699
GrMeas:MoveText Graph3 M:10 0 -174 -36
GrMeas:MovePoint Graph3 M:10 0 0.99999997397605 0.29966351176833
Graph:DSel
Graph:Select Graph3
Graph:DSel
pf:read PF:17 i(vin)
# WF:17:2
Graph addsignal WF:17:2 -region new -yview real(y) -xview real(x) -tracehi 2
# Signal18
pf:read PF:17 i(vvdd)
# WF:17:3
Graph addsignal WF:17:3 -region new -yview real(y) -xview real(x) -tracehi 2
# Signal19
Graph:Select Graph3
Graph:DSel
Graph itemselect Signal19 add
# Signal19
Graph itemselect Signal19 add
# Signal19
Graph itemselect Signal19 rem
Graph delsignal Signal19
Graph:DSel
Graph itemselect Signal18 add
# Signal18
Graph itemselect Signal18 add
# Signal18
Graph itemselect Signal18 rem
Graph delsignal Signal18
Graph:DSel
Graph:DSel
Graph addsignal WF:18:1 -region 0 -yview real(y) -xview real(x) -rainbow 0 -rbcolors {} -fill cyan -linestyle - -width 1 -symbol {} -symwidth 10 -bar {} -barwidth 0 -baseline 0.0 -stipple {} -label v(ut) -xaxis 1 -yaxis 0 -tracehi 2 -bus {} -segdisp y -monotonicdisp 0
# Signal20
GrMeas:AtX Graph3 Signal20 0.99999997397605 xyrangeAll
# M:11
Graph itemselect all rem
Graph itemselect Signal17 add
# Signal17
Graph delsignal selected
Graph:DSel
GrMeas:Select Graph3 M:11 0 1
GrMeas:MovePoint Graph3 M:11 0 1.3107235666893 1.8088864397794
pf:read PF:18 i(vvdd)
# WF:18:2
Graph addsignal WF:18:2 -region new -yview real(y) -xview real(x) -tracehi 2
# Signal21
Graph addsignal WF:19:1 -region 0 -yview real(y) -xview real(x) -rainbow 0 -rbcolors {} -fill cyan -linestyle - -width 1 -symbol {} -symwidth 10 -bar {} -barwidth 0 -baseline 0.0 -stipple {} -label v(ut) -xaxis 1 -yaxis 0 -tracehi 2 -bus {} -segdisp y -monotonicdisp 0
# Signal22
GrMeas:AtX Graph3 Signal22 1.3107235666893 xyrangeAll
# M:12
Graph itemselect all rem
Graph itemselect Signal20 add
# Signal20
Graph itemselect Signal21 add
# Signal21
Graph delsignal selected
pf:read PF:19 i(vdd)
# WF:19:2
Graph addsignal WF:19:2 -region new -yview real(y) -xview real(x) -tracehi 2
# Signal23
pf:read PF:19 i(vin)
# WF:19:3
Graph addsignal WF:19:3 -region new -yview real(y) -xview real(x) -tracehi 2
# Signal24
Graph:Select Graph3
Graph:DSel
Graph itemselect Signal24 add
# Signal24
Graph itemselect Signal24 add
# Signal24
Graph itemselect Signal24 rem
Graph delsignal Signal24
Graph:DSel
pf:read PF:19 v(in)
# WF:19:4
Graph addsignal WF:19:4 -region new -yview real(y) -xview real(x) -tracehi 2
# Signal25
Graph:Select Graph3
Graph:DSel
Graph itemselect Signal25 add
# Signal25
Graph itemselect Signal25 add
# Signal25
Graph itemselect Signal25 rem
Graph delsignal Signal25
Graph:DSel
Graph addsignal WF:20:2 -region 0 -yview real(y) -xview real(x) -rainbow 0 -rbcolors {} -fill cyan -linestyle - -width 1 -symbol {} -symwidth 10 -bar {} -barwidth 0 -baseline 0.0 -stipple {} -label v(ut) -xaxis 1 -yaxis 0 -tracehi 2 -bus {} -segdisp y -monotonicdisp 0
# Signal26
GrMeas:AtX Graph3 Signal26 1.3107235666893 xyrangeAll
# M:13
Graph addsignal WF:20:1 -region 1 -yview real(y) -xview real(x) -rainbow 0 -rbcolors {} -fill yellow -linestyle - -width 1 -symbol {} -symwidth 10 -bar {} -barwidth 0 -baseline 0.0 -stipple {} -label i(vdd) -xaxis 1 -yaxis 0 -tracehi 2 -bus {} -segdisp y -monotonicdisp 0
# Signal27
Graph itemselect all rem
Graph itemselect Signal22 add
# Signal22
Graph itemselect Signal23 add
# Signal23
Graph delsignal selected
Graph addsignal WF:21:1 -region 0 -yview real(y) -xview real(x) -rainbow 0 -rbcolors {} -fill cyan -linestyle - -width 1 -symbol {} -symwidth 10 -bar {} -barwidth 0 -baseline 0.0 -stipple {} -label v(ut) -xaxis 1 -yaxis 0 -tracehi 2 -bus {} -segdisp y -monotonicdisp 0
# Signal28
GrMeas:AtX Graph3 Signal28 1.3107235666893 xyrangeAll
# M:14
Graph itemselect all rem
Graph itemselect Signal26 add
# Signal26
Graph itemselect Signal27 add
# Signal27
Graph delsignal selected
pf:read PF:21 i(vin)
# WF:21:2
Graph addsignal WF:21:2 -region new -yview real(y) -xview real(x) -tracehi 2
# Signal29
pf:read PF:21 i(vvdd)
# WF:21:3
Graph addsignal WF:21:3 -region new -yview real(y) -xview real(x) -tracehi 2
# Signal30
Graph:Select Graph3
Graph:DSel
Graph itemselect Signal29 add
# Signal29
Graph itemselect Signal29 rem
Graph delsignal Signal29
Graph:DSel
Graph addsignal WF:22:2 -region 0 -yview real(y) -xview real(x) -rainbow 0 -rbcolors {} -fill cyan -linestyle - -width 1 -symbol {} -symwidth 10 -bar {} -barwidth 0 -baseline 0.0 -stipple {} -label v(ut) -xaxis 1 -yaxis 0 -tracehi 2 -bus {} -segdisp y -monotonicdisp 0
# Signal31
GrMeas:AtX Graph3 Signal31 1.3107235666893 xyrangeAll
# M:15
Graph addsignal WF:22:1 -region 1 -yview real(y) -xview real(x) -rainbow 0 -rbcolors {} -fill green -linestyle - -width 1 -symbol {} -symwidth 10 -bar {} -barwidth 0 -baseline 0.0 -stipple {} -label i(vvdd) -xaxis 1 -yaxis 0 -tracehi 2 -bus {} -segdisp y -monotonicdisp 0
# Signal32
Graph itemselect all rem
Graph itemselect Signal28 add
# Signal28
Graph itemselect Signal30 add
# Signal30
Graph delsignal selected
pf:read PF:22 v(vdd)
# WF:22:3
Graph addsignal WF:22:3 -region new -yview real(y) -xview real(x) -tracehi 2
# Signal33
pf:read PF:22 v(ut)
# WF:22:2
Graph addsignal WF:22:2 -region new -yview real(y) -xview real(x) -tracehi 2
# Signal34
pf:read PF:22 v(in)
# WF:22:4
Graph addsignal WF:22:4 -region new -yview real(y) -xview real(x) -tracehi 2
# Signal35
pf:read PF:22 v(0)
# WF:22:5
Graph addsignal WF:22:5 -region new -yview real(y) -xview real(x) -tracehi 2
# Signal36
pf:read PF:22 i(vin)
# WF:22:6
Graph addsignal WF:22:6 -region new -yview real(y) -xview real(x) -tracehi 2
# Signal37
pf:read PF:22 i(vvdd)
# WF:22:1
Graph addsignal WF:22:1 -region new -yview real(y) -xview real(x) -tracehi 2
# Signal38
Graph:Select Graph3
Graph:DSel
Graph itemselect Signal37 add
# Signal37
Graph itemselect Signal37 add
# Signal37
Graph itemselect Signal37 rem
Graph delsignal Signal37
Graph:DSel
Graph itemselect Signal36 add
# Signal36
Graph itemselect Signal36 rem
Graph delsignal Signal36
Graph:DSel
Graph itemselect Signal35 add
# Signal35
Graph itemselect Signal35 rem
Graph delsignal Signal35
Graph:DSel
Graph itemselect Signal34 add
# Signal34
Graph itemselect Signal34 rem
Graph delsignal Signal34
Graph:DSel
Graph itemselect Signal33 add
# Signal33
Graph itemselect Signal33 rem
Graph delsignal Signal33
Graph:DSel
Graph itemselect Signal38 add
# Signal38
Graph itemselect Signal38 rem
Graph delsignal Signal38
Graph:DSel
GrMeas:Select Graph3 M:15 0 1
GrMeas:MovePoint Graph3 M:15 0 1.3896115848058 2.1723291467482
GrMeas:AtX Graph3 Signal32 1.6 xyrangeAll
# M:16
GrMeas:AtX Graph3 Signal31 1.6 xyrangeAll
# M:17
Graph:Select Graph3
Graph delsignal selected
Graph:DSel
pf:read PF:22 v(in)
# WF:22:4
Graph addsignal WF:22:4 -region new -yview real(y) -xview real(x) -tracehi 2
# Signal39
Graph:Select Graph3
Graph:DSel
Graph itemselect Signal39 add
# Signal39
Graph itemselect Signal39 add
# Signal39
Graph itemselect Signal39 rem
Graph delsignal Signal39
Graph:DSel
Graph addsignal WF:23:2 -region 0 -yview real(y) -xview real(x) -rainbow 0 -rbcolors {} -fill cyan -linestyle - -width 1 -symbol {} -symwidth 10 -bar {} -barwidth 0 -baseline 0.0 -stipple {} -label v(ut) -xaxis 1 -yaxis 0 -tracehi 2 -bus {} -segdisp y -monotonicdisp 0
# Signal40
GrMeas:AtX Graph3 Signal40 1.6 xyrangeAll
# M:18
Graph addsignal WF:23:1 -region 1 -yview real(y) -xview real(x) -rainbow 0 -rbcolors {} -fill green -linestyle - -width 1 -symbol {} -symwidth 10 -bar {} -barwidth 0 -baseline 0.0 -stipple {} -label i(vvdd) -xaxis 1 -yaxis 0 -tracehi 2 -bus {} -segdisp y -monotonicdisp 0
# Signal41
GrMeas:AtX Graph3 Signal41 1.6 xyrangeAll
# M:19
Graph itemselect all rem
Graph itemselect Signal31 add
# Signal31
Graph itemselect Signal32 add
# Signal32
Graph delsignal selected
Graph addsignal WF:24:2 -region 0 -yview real(y) -xview real(x) -rainbow 0 -rbcolors {} -fill cyan -linestyle - -width 1 -symbol {} -symwidth 10 -bar {} -barwidth 0 -baseline 0.0 -stipple {} -label v(ut) -xaxis 1 -yaxis 0 -tracehi 2 -bus {} -segdisp y -monotonicdisp 0
# Signal42
GrMeas:AtX Graph3 Signal42 1.6 xyrangeAll
# M:20
Graph addsignal WF:24:1 -region 1 -yview real(y) -xview real(x) -rainbow 0 -rbcolors {} -fill green -linestyle - -width 1 -symbol {} -symwidth 10 -bar {} -barwidth 0 -baseline 0.0 -stipple {} -label i(vvdd) -xaxis 1 -yaxis 0 -tracehi 2 -bus {} -segdisp y -monotonicdisp 0
# Signal43
GrMeas:AtX Graph3 Signal43 1.6 xyrangeAll
# M:21
Graph itemselect all rem
Graph itemselect Signal40 add
# Signal40
Graph itemselect Signal41 add
# Signal41
Graph delsignal selected
Graph:Select Graph3
ScopeSigMgr:Unload 0 {{(4) uppg222.sw0}}
ScopeSigMgr:loadpffile /chalmers/users/frebro/Kretselektronik/2/uppg223.sw0 1 openonly
# PF:25
wm geometry .sigmgr._PF:25 289x357+1627+546
wm geometry .sigmgr._PF:25 289x357+1590+563
wm geometry .sigmgr._PF:25 289x357+1575+588
wm geometry .sigmgr._PF:25 289x357+1565+604
wm geometry .sigmgr._PF:25 289x357+1563+609
wm geometry .sigmgr._PF:25 289x357+1562+613
GrXY:NewGraph
# Graph4
pf:read PF:25 v(ut)
# WF:25:1
Graph addsignal WF:25:1 -region new -yview real(y) -xview real(x) -tracehi 2
# Signal0
pf:read PF:25 v(in)
# WF:25:2
Graph addsignal WF:25:2 -region new -yview real(y) -xview real(x) -tracehi 2
# Signal1
Mdi:Resize 1414 853
Mdi:Move 5 5
pf:read PF:25 v(vdd)
# WF:25:3
Graph addsignal WF:25:3 -region new -yview real(y) -xview real(x) -tracehi 2
# Signal2
pf:read PF:25 v(0)
# WF:25:4
Graph addsignal WF:25:4 -region new -yview real(y) -xview real(x) -tracehi 2
# Signal3
pf:read PF:25 i(vvdd)
# WF:25:5
Graph addsignal WF:25:5 -region new -yview real(y) -xview real(x) -tracehi 2
# Signal4
pf:read PF:25 i(vin)
# WF:25:6
Graph addsignal WF:25:6 -region new -yview real(y) -xview real(x) -tracehi 2
# Signal5
Graph:Select Graph4
Graph:DSel
Graph itemselect Signal5 add
# Signal5
Graph itemselect Signal5 add
# Signal5
Graph itemselect Signal5 rem
Graph delsignal Signal5
Graph:DSel
Graph itemselect Signal3 add
# Signal3
Graph itemselect Signal3 rem
Graph delsignal Signal3
Graph:DSel
Graph itemselect Signal2 add
# Signal2
Graph itemselect Signal2 rem
Graph delsignal Signal2
Graph:DSel
Graph itemselect Signal1 add
# Signal1
Graph itemselect Signal1 rem
Graph delsignal Signal1
Graph:DSel
Graph itemselect Signal4 add
# Signal4
Graph itemselect Signal4 add
# Signal4
Graph itemselect Signal4 rem
Graph delsignal Signal4
GrMeas:AtX Graph4 Signal0 1.6 xyrangeAll
# M:0
Graph:DSel
GrMeas:Select Graph4 M:0 0 1
GrMeas:MovePoint Graph4 M:0 0 1.4999999672321 0.60047176346256
GrMeas:AtX Graph4 Signal0 0.7 xyrangeAll
# M:1
Graph:DSel
GrMeas:Select Graph4 M:1 0 1
GrMeas:MovePoint Graph4 M:1 0 0.70000003489969 3.2999997861705
GrMeas:MovePoint Graph4 M:1 0 0.80000003689778 3.2503663337537
GrMeas:AtX Graph4 Signal0 1.2 xyrangeAll
# M:2
GrMeas:AtX Graph4 Signal0 1.1 xyrangeAll
# M:3
GrMeas:AtX Graph4 Signal0 1.3 xyrangeAll
# M:4
Graph addsignal WF:26:1 -region 0 -yview real(y) -xview real(x) -rainbow 0 -rbcolors {} -fill green -linestyle - -width 1 -symbol {} -symwidth 10 -bar {} -barwidth 0 -baseline 0.0 -stipple {} -label v(ut) -xaxis 0 -yaxis 0 -tracehi 2 -bus {} -segdisp y -monotonicdisp 0
# Signal6
GrMeas:AtX Graph4 Signal6 1.4999999672321 xyrangeAll
# M:5
GrMeas:AtX Graph4 Signal6 0.80000003689778 xyrangeAll
# M:6
GrMeas:AtX Graph4 Signal6 1.2 xyrangeAll
# M:7
GrMeas:AtX Graph4 Signal6 1.1 xyrangeAll
# M:8
GrMeas:AtX Graph4 Signal6 1.3 xyrangeAll
# M:9
Graph itemselect all rem
Graph itemselect Signal0 add
# Signal0
Graph delsignal selected
Graph addsignal WF:27:1 -region 0 -yview real(y) -xview real(x) -rainbow 0 -rbcolors {} -fill green -linestyle - -width 1 -symbol {} -symwidth 10 -bar {} -barwidth 0 -baseline 0.0 -stipple {} -label v(ut) -xaxis 0 -yaxis 0 -tracehi 2 -bus {} -segdisp y -monotonicdisp 0
# Signal7
GrMeas:AtX Graph4 Signal7 1.4999999672321 xyrangeAll
# M:10
GrMeas:AtX Graph4 Signal7 0.80000003689778 xyrangeAll
# M:11
GrMeas:AtX Graph4 Signal7 1.2 xyrangeAll
# M:12
GrMeas:AtX Graph4 Signal7 1.1 xyrangeAll
# M:13
GrMeas:AtX Graph4 Signal7 1.3 xyrangeAll
# M:14
Graph itemselect all rem
Graph itemselect Signal6 add
# Signal6
Graph delsignal selected
